<html>
<head>
<title>TestNG:  Default test</title>
<link href="../testng.css" rel="stylesheet" type="text/css" />
<link href="../my-testng.css" rel="stylesheet" type="text/css" />

<style type="text/css">
.log { display: none;} 
.stack-trace { display: none;} 
</style>
<script type="text/javascript">
<!--
function flip(e) {
  current = e.style.display;
  if (current == 'block') {
    e.style.display = 'none';
    return 0;
  }
  else {
    e.style.display = 'block';
    return 1;
  }
}

function toggleBox(szDivId, elem, msg1, msg2)
{
  var res = -1;  if (document.getElementById) {
    res = flip(document.getElementById(szDivId));
  }
  else if (document.all) {
    // this is the way old msie versions work
    res = flip(document.all[szDivId]);
  }
  if(elem) {
    if(res == 0) elem.innerHTML = msg1; else elem.innerHTML = msg2;
  }

}

function toggleAllBoxes() {
  if (document.getElementsByTagName) {
    d = document.getElementsByTagName('div');
    for (i = 0; i < d.length; i++) {
      if (d[i].className == 'log') {
        flip(d[i]);
      }
    }
  }
}

// -->
</script>

</head>
<body>
<h2 align='center'>Default test</h2><table border='1' align="center">
<tr>
<td>Tests passed/Failed/Skipped:</td><td>3/3/0</td>
</tr><tr>
<td>Started on:</td><td>Fri Jul 05 16:41:09 IST 2024</td>
</tr>
<tr><td>Total time:</td><td>140 seconds (140443 ms)</td>
</tr><tr>
<td>Included groups:</td><td></td>
</tr><tr>
<td>Excluded groups:</td><td></td>
</tr>
</table><p/>
<small><i>(Hover the method name to see the test class name)</i></small><p/>
<table width='100%' border='1' class='invocation-failed'>
<tr><td colspan='4' align='center'><b>FAILED TESTS</b></td></tr>
<tr><td><b>Test method</b></td>
<td width="30%"><b>Exception</b></td>
<td width="10%"><b>Time (seconds)</b></td>
<td><b>Instance</b></td>
</tr>
<tr>
<td title='com.webMethodsFlowUI.testsuites.DeployAnywhereConnector.ServiceConnectorListSuite.DeleteAddedPackages()'><b>DeleteAddedPackages</b><br>Test class: com.webMethodsFlowUI.testsuites.DeployAnywhereConnector.ServiceConnectorListSuite<br>Test method: Delete added packages<br/>
<a href="#Output-1373029421" onClick='toggleBox("Output-1373029421", this, "Show output", "Hide output");'>Show output</a>

<a href="#Output-1373029421" onClick="toggleAllBoxes();">Show all outputs</a>
<div class='log' id="Output-1373029421">
<a href='C:\Users\ABHK\OriginAutomation\ICOrigin_Automation\WebMethodsUIAutomation\src\main\resources\screenshots\Screenshot_05_07_04_42_54_651.png'><img src='C:\Users\ABHK\OriginAutomation\ICOrigin_Automation\WebMethodsUIAutomation\src\main\resources\screenshots\Screenshot_05_07_04_42_54_651.png'height='100' width='100'/></a><br/>
<a href='C:\Users\ABHK\OriginAutomation\ICOrigin_Automation\WebMethodsUIAutomation\src\main\resources\screenshots\Screenshot_05_07_04_42_56_155.png'><img src='C:\Users\ABHK\OriginAutomation\ICOrigin_Automation\WebMethodsUIAutomation\src\main\resources\screenshots\Screenshot_05_07_04_42_56_155.png'height='100' width='100'/></a><br/>
</div>
</td>
<td><div><pre>org.openqa.selenium.TimeoutException: Expected condition failed: waiting for visibility of element located by By.xpath: (//span[@title=&apos;Remove package&apos;])[1] (tried for 30 second(s) with 1 milliseconds interval)
	at org.openqa.selenium.support.ui.FluentWait.timeoutException(FluentWait.java:304)
	at org.openqa.selenium.support.ui.FluentWait.until(FluentWait.java:272)
	at com.webMethodsUI.flow.testbase.CommonActions.findElement(CommonActions.java:49)
	at com.webMethodsUI.origin.pageObjects.PackageConnector.PackageConnectorPage.RemovePackages(PackageConnectorPage.java:66)
	at com.webMethodsFlowUI.testsuites.DeployAnywhereConnector.ServiceConnectorListSuite.DeleteAddedPackages(ServiceConnectorListSuite.java:112)
	at java.base/jdk.internal.reflect.NativeMethodAccessorImpl.invoke0(Native Method)
	at java.base/jdk.internal.reflect.NativeMethodAccessorImpl.invoke(NativeMethodAccessorImpl.java:62)
	at java.base/jdk.internal.reflect.DelegatingMethodAccessorImpl.invoke(DelegatingMethodAccessorImpl.java:43)
	at java.base/java.lang.reflect.Method.invoke(Method.java:566)
	at org.testng.internal.MethodInvocationHelper.invokeMethod(MethodInvocationHelper.java:85)
	at org.testng.internal.Invoker.invokeMethod(Invoker.java:639)
	at org.testng.internal.Invoker.invokeTestMethod(Invoker.java:816)
	at org.testng.internal.Invoker.invokeTestMethods(Invoker.java:1124)
	at org.testng.internal.TestMethodWorker.invokeTestMethods(TestMethodWorker.java:125)
	at org.testng.internal.TestMethodWorker.run(TestMethodWorker.java:108)
	at org.testng.TestRunner.privateRun(TestRunner.java:774)
	at org.testng.TestRunner.run(TestRunner.java:624)
	at org.testng.SuiteRunner.runTest(SuiteRunner.java:359)
	at org.testng.SuiteRunner.runSequentially(SuiteRunner.java:354)
	at org.testng.SuiteRunner.privateRun(SuiteRunner.java:312)
	at org.testng.SuiteRunner.run(SuiteRunner.java:261)
	at org.testng.SuiteRunnerWorker.runSuite(SuiteRunnerWorker.java:52)
	at org.testng.SuiteRunnerWorker.run(SuiteRunnerWorker.java:86)
	at org.testng.TestNG.runSuitesSequentially(TestNG.java:1215)
	at org.testng.TestNG.runSuitesLocally(TestNG.java:1140)
	at org.testng.TestNG.run(TestNG.java:1048)
	at org.testng.remote.AbstractRemoteTestNG.run(AbstractRemoteTestNG.java:115)
	at org.testng.remote.RemoteTestNG.initAndRun(RemoteTestNG.java:251)
	at org.testng.remote.RemoteTestNG.main(RemoteTestNG.java:77)
Caused by: org.openqa.selenium.NoSuchElementException: no such element: Unable to locate element: {&quot;method&quot;:&quot;xpath&quot;,&quot;selector&quot;:&quot;(//span[@title=&apos;Remove package&apos;])[1]&quot;}
  (Session info: chrome=126.0.6478.127)
For documentation on this error, please visit: https://www.seleniumhq.org/exceptions/no_such_element.html
Build info: version: &apos;3.141.59&apos;, revision: &apos;e82be7d358&apos;, time: &apos;2018-11-14T08:17:03&apos;
System info: host: &apos;SAG-CVDCSG3&apos;, ip: &apos;192.168.1.5&apos;, os.name: &apos;Windows 10&apos;, os.arch: &apos;amd64&apos;, os.version: &apos;10.0&apos;, java.version: &apos;11.0.19&apos;
Driver info: org.openqa.selenium.chrome.ChromeDriver
Capabilities {acceptInsecureCerts: false, browserName: chrome, browserVersion: 126.0.6478.127, chrome: {chromedriverVersion: 126.0.6478.126 (d36ace6122e..., userDataDir: C:\Users\ABHK\AppData\Local...}, fedcm:accounts: true, goog:chromeOptions: {debuggerAddress: localhost:50306}, javascriptEnabled: true, networkConnectionEnabled: false, pageLoadStrategy: normal, platform: WINDOWS, platformName: WINDOWS, proxy: Proxy(), setWindowRect: true, strictFileInteractability: false, timeouts: {implicit: 0, pageLoad: 300000, script: 30000}, unhandledPromptBehavior: dismiss and notify, webauthn:extension:credBlob: true, webauthn:extension:largeBlob: true, webauthn:extension:minPinLength: true, webauthn:extension:prf: true, webauthn:virtualAuthenticators: true}
Session ID: fe5fff91ffee68d7c02fa2c7440cecd3
*** Element info: {Using=xpath, value=(//span[@title=&apos;Remove package&apos;])[1]}
	at jdk.internal.reflect.GeneratedConstructorAccessor28.newInstance(Unknown Source)
	at java.base/jdk.internal.reflect.DelegatingConstructorAccessorImpl.newInstance(DelegatingConstructorAccessorImpl.java:45)
	at java.base/java.lang.reflect.Constructor.newInstance(Constructor.java:490)
	at org.openqa.selenium.remote.http.W3CHttpResponseCodec.createException(W3CHttpResponseCodec.java:187)
	at org.openqa.selenium.remote.http.W3CHttpResponseCodec.decode(W3CHttpResponseCodec.java:122)
	at org.openqa.selenium.remote.http.W3CHttpResponseCodec.decode(W3CHttpResponseCodec.java:49)
	at org.openqa.selenium.remote.HttpCommandExecutor.execute(HttpCommandExecutor.java:158)
	at org.openqa.selenium.remote.service.DriverCommandExecutor.execute(DriverCommandExecutor.java:83)
	at org.openqa.selenium.remote.RemoteWebDriver.execute(RemoteWebDriver.java:552)
	at org.openqa.selenium.remote.RemoteWebDriver.findElement(RemoteWebDriver.java:323)
	at org.openqa.selenium.remote.RemoteWebDriver.findElementByXPath(RemoteWebDriver.java:428)
	at org.openqa.selenium.By$ByXPath.findElement(By.java:353)
	at org.openqa.selenium.remote.RemoteWebDriver.findElement(RemoteWebDriver.java:315)
	at org.openqa.selenium.support.ui.ExpectedConditions$7.apply(ExpectedConditions.java:205)
	at org.openqa.selenium.support.ui.ExpectedConditions$7.apply(ExpectedConditions.java:201)
	at org.openqa.selenium.support.ui.FluentWait.until(FluentWait.java:249)
	... 27 more
</pre></div><a href='#' onClick='toggleBox("stack-trace1373029421", this, "Click to show all stack frames", "Click to hide stack frames")'>Click to show all stack frames</a>
<div class='stack-trace' id='stack-trace1373029421'><pre>org.openqa.selenium.TimeoutException: Expected condition failed: waiting for visibility of element located by By.xpath: (//span[@title=&apos;Remove package&apos;])[1] (tried for 30 second(s) with 1 milliseconds interval)
	at org.openqa.selenium.support.ui.FluentWait.timeoutException(FluentWait.java:304)
	at org.openqa.selenium.support.ui.FluentWait.until(FluentWait.java:272)
	at com.webMethodsUI.flow.testbase.CommonActions.findElement(CommonActions.java:49)
	at com.webMethodsUI.origin.pageObjects.PackageConnector.PackageConnectorPage.RemovePackages(PackageConnectorPage.java:66)
	at com.webMethodsFlowUI.testsuites.DeployAnywhereConnector.ServiceConnectorListSuite.DeleteAddedPackages(ServiceConnectorListSuite.java:112)
	at java.base/jdk.internal.reflect.NativeMethodAccessorImpl.invoke0(Native Method)
	at java.base/jdk.internal.reflect.NativeMethodAccessorImpl.invoke(NativeMethodAccessorImpl.java:62)
	at java.base/jdk.internal.reflect.DelegatingMethodAccessorImpl.invoke(DelegatingMethodAccessorImpl.java:43)
	at java.base/java.lang.reflect.Method.invoke(Method.java:566)
	at org.testng.internal.MethodInvocationHelper.invokeMethod(MethodInvocationHelper.java:85)
	at org.testng.internal.Invoker.invokeMethod(Invoker.java:639)
	at org.testng.internal.Invoker.invokeTestMethod(Invoker.java:816)
	at org.testng.internal.Invoker.invokeTestMethods(Invoker.java:1124)
	at org.testng.internal.TestMethodWorker.invokeTestMethods(TestMethodWorker.java:125)
	at org.testng.internal.TestMethodWorker.run(TestMethodWorker.java:108)
	at org.testng.TestRunner.privateRun(TestRunner.java:774)
	at org.testng.TestRunner.run(TestRunner.java:624)
	at org.testng.SuiteRunner.runTest(SuiteRunner.java:359)
	at org.testng.SuiteRunner.runSequentially(SuiteRunner.java:354)
	at org.testng.SuiteRunner.privateRun(SuiteRunner.java:312)
	at org.testng.SuiteRunner.run(SuiteRunner.java:261)
	at org.testng.SuiteRunnerWorker.runSuite(SuiteRunnerWorker.java:52)
	at org.testng.SuiteRunnerWorker.run(SuiteRunnerWorker.java:86)
	at org.testng.TestNG.runSuitesSequentially(TestNG.java:1215)
	at org.testng.TestNG.runSuitesLocally(TestNG.java:1140)
	at org.testng.TestNG.run(TestNG.java:1048)
	at org.testng.remote.AbstractRemoteTestNG.run(AbstractRemoteTestNG.java:115)
	at org.testng.remote.RemoteTestNG.initAndRun(RemoteTestNG.java:251)
	at org.testng.remote.RemoteTestNG.main(RemoteTestNG.java:77)
Caused by: org.openqa.selenium.NoSuchElementException: no such element: Unable to locate element: {&quot;method&quot;:&quot;xpath&quot;,&quot;selector&quot;:&quot;(//span[@title=&apos;Remove package&apos;])[1]&quot;}
  (Session info: chrome=126.0.6478.127)
For documentation on this error, please visit: https://www.seleniumhq.org/exceptions/no_such_element.html
Build info: version: &apos;3.141.59&apos;, revision: &apos;e82be7d358&apos;, time: &apos;2018-11-14T08:17:03&apos;
System info: host: &apos;SAG-CVDCSG3&apos;, ip: &apos;192.168.1.5&apos;, os.name: &apos;Windows 10&apos;, os.arch: &apos;amd64&apos;, os.version: &apos;10.0&apos;, java.version: &apos;11.0.19&apos;
Driver info: org.openqa.selenium.chrome.ChromeDriver
Capabilities {acceptInsecureCerts: false, browserName: chrome, browserVersion: 126.0.6478.127, chrome: {chromedriverVersion: 126.0.6478.126 (d36ace6122e..., userDataDir: C:\Users\ABHK\AppData\Local...}, fedcm:accounts: true, goog:chromeOptions: {debuggerAddress: localhost:50306}, javascriptEnabled: true, networkConnectionEnabled: false, pageLoadStrategy: normal, platform: WINDOWS, platformName: WINDOWS, proxy: Proxy(), setWindowRect: true, strictFileInteractability: false, timeouts: {implicit: 0, pageLoad: 300000, script: 30000}, unhandledPromptBehavior: dismiss and notify, webauthn:extension:credBlob: true, webauthn:extension:largeBlob: true, webauthn:extension:minPinLength: true, webauthn:extension:prf: true, webauthn:virtualAuthenticators: true}
Session ID: fe5fff91ffee68d7c02fa2c7440cecd3
*** Element info: {Using=xpath, value=(//span[@title=&apos;Remove package&apos;])[1]}
	at jdk.internal.reflect.GeneratedConstructorAccessor28.newInstance(Unknown Source)
	at java.base/jdk.internal.reflect.DelegatingConstructorAccessorImpl.newInstance(DelegatingConstructorAccessorImpl.java:45)
	at java.base/java.lang.reflect.Constructor.newInstance(Constructor.java:490)
	at org.openqa.selenium.remote.http.W3CHttpResponseCodec.createException(W3CHttpResponseCodec.java:187)
	at org.openqa.selenium.remote.http.W3CHttpResponseCodec.decode(W3CHttpResponseCodec.java:122)
	at org.openqa.selenium.remote.http.W3CHttpResponseCodec.decode(W3CHttpResponseCodec.java:49)
	at org.openqa.selenium.remote.HttpCommandExecutor.execute(HttpCommandExecutor.java:158)
	at org.openqa.selenium.remote.service.DriverCommandExecutor.execute(DriverCommandExecutor.java:83)
	at org.openqa.selenium.remote.RemoteWebDriver.execute(RemoteWebDriver.java:552)
	at org.openqa.selenium.remote.RemoteWebDriver.findElement(RemoteWebDriver.java:323)
	at org.openqa.selenium.remote.RemoteWebDriver.findElementByXPath(RemoteWebDriver.java:428)
	at org.openqa.selenium.By$ByXPath.findElement(By.java:353)
	at org.openqa.selenium.remote.RemoteWebDriver.findElement(RemoteWebDriver.java:315)
	at org.openqa.selenium.support.ui.ExpectedConditions$7.apply(ExpectedConditions.java:205)
	at org.openqa.selenium.support.ui.ExpectedConditions$7.apply(ExpectedConditions.java:201)
	at org.openqa.selenium.support.ui.FluentWait.until(FluentWait.java:249)
	... 27 more
</pre></div></td>
<td>34</td>
<td>com.webMethodsFlowUI.testsuites.DeployAnywhereConnector.ServiceConnectorListSuite@315df4bb</td></tr>
<tr>
<td title='com.webMethodsFlowUI.testsuites.DeployAnywhereConnector.ServiceConnectorListSuite.VerifyDeployAnywherePage()'><b>VerifyDeployAnywherePage</b><br>Test class: com.webMethodsFlowUI.testsuites.DeployAnywhereConnector.ServiceConnectorListSuite<br>Test method: Navigate to Deployanywhere connector page<br/>
<a href="#Output-1101098675" onClick='toggleBox("Output-1101098675", this, "Show output", "Hide output");'>Show output</a>

<a href="#Output-1101098675" onClick="toggleAllBoxes();">Show all outputs</a>
<div class='log' id="Output-1101098675">
<a href='C:\Users\ABHK\OriginAutomation\ICOrigin_Automation\WebMethodsUIAutomation\src\main\resources\screenshots\Screenshot_05_07_04_41_53_441.png'><img src='C:\Users\ABHK\OriginAutomation\ICOrigin_Automation\WebMethodsUIAutomation\src\main\resources\screenshots\Screenshot_05_07_04_41_53_441.png'height='100' width='100'/></a><br/>
</div>
</td>
<td><div><pre>org.openqa.selenium.TimeoutException: Expected condition failed: waiting for element to no longer be visible: By.xpath: //div[contains(@class,&apos;circle-clipper&apos;)]/div[@class=&apos;circle&apos;] (tried for 30 second(s) with 100 milliseconds interval)
Build info: version: &apos;3.141.59&apos;, revision: &apos;e82be7d358&apos;, time: &apos;2018-11-14T08:17:03&apos;
System info: host: &apos;SAG-CVDCSG3&apos;, ip: &apos;192.168.1.5&apos;, os.name: &apos;Windows 10&apos;, os.arch: &apos;amd64&apos;, os.version: &apos;10.0&apos;, java.version: &apos;11.0.19&apos;
Driver info: driver.version: unknown
	at org.openqa.selenium.support.ui.FluentWait.timeoutException(FluentWait.java:304)
	at org.openqa.selenium.support.ui.FluentWait.until(FluentWait.java:272)
	at com.webMethodsUI.flow.testbase.CommonActions.waitForElementNotVisible(CommonActions.java:303)
	at com.webMethodsUI.flow.pageObjects.common.NavigationMenu.clickOnSubMenu(NavigationMenu.java:55)
	at com.webMethodsFlowUI.testsuites.DeployAnywhereConnector.ServiceConnectorListSuite.VerifyDeployAnywherePage(ServiceConnectorListSuite.java:68)
	at java.base/jdk.internal.reflect.NativeMethodAccessorImpl.invoke0(Native Method)
	at java.base/jdk.internal.reflect.NativeMethodAccessorImpl.invoke(NativeMethodAccessorImpl.java:62)
	at java.base/jdk.internal.reflect.DelegatingMethodAccessorImpl.invoke(DelegatingMethodAccessorImpl.java:43)
	at java.base/java.lang.reflect.Method.invoke(Method.java:566)
	at org.testng.internal.MethodInvocationHelper.invokeMethod(MethodInvocationHelper.java:85)
	at org.testng.internal.Invoker.invokeMethod(Invoker.java:639)
	at org.testng.internal.Invoker.invokeTestMethod(Invoker.java:816)
	at org.testng.internal.Invoker.invokeTestMethods(Invoker.java:1124)
	at org.testng.internal.TestMethodWorker.invokeTestMethods(TestMethodWorker.java:125)
	at org.testng.internal.TestMethodWorker.run(TestMethodWorker.java:108)
	at org.testng.TestRunner.privateRun(TestRunner.java:774)
	at org.testng.TestRunner.run(TestRunner.java:624)
	at org.testng.SuiteRunner.runTest(SuiteRunner.java:359)
	at org.testng.SuiteRunner.runSequentially(SuiteRunner.java:354)
	at org.testng.SuiteRunner.privateRun(SuiteRunner.java:312)
	at org.testng.SuiteRunner.run(SuiteRunner.java:261)
	at org.testng.SuiteRunnerWorker.runSuite(SuiteRunnerWorker.java:52)
	at org.testng.SuiteRunnerWorker.run(SuiteRunnerWorker.java:86)
	at org.testng.TestNG.runSuitesSequentially(TestNG.java:1215)
	at org.testng.TestNG.runSuitesLocally(TestNG.java:1140)
	at org.testng.TestNG.run(TestNG.java:1048)
	at org.testng.remote.AbstractRemoteTestNG.run(AbstractRemoteTestNG.java:115)
	at org.testng.remote.RemoteTestNG.initAndRun(RemoteTestNG.java:251)
	at org.testng.remote.RemoteTestNG.main(RemoteTestNG.java:77)
</pre></div><a href='#' onClick='toggleBox("stack-trace1101098675", this, "Click to show all stack frames", "Click to hide stack frames")'>Click to show all stack frames</a>
<div class='stack-trace' id='stack-trace1101098675'><pre>org.openqa.selenium.TimeoutException: Expected condition failed: waiting for element to no longer be visible: By.xpath: //div[contains(@class,&apos;circle-clipper&apos;)]/div[@class=&apos;circle&apos;] (tried for 30 second(s) with 100 milliseconds interval)
Build info: version: &apos;3.141.59&apos;, revision: &apos;e82be7d358&apos;, time: &apos;2018-11-14T08:17:03&apos;
System info: host: &apos;SAG-CVDCSG3&apos;, ip: &apos;192.168.1.5&apos;, os.name: &apos;Windows 10&apos;, os.arch: &apos;amd64&apos;, os.version: &apos;10.0&apos;, java.version: &apos;11.0.19&apos;
Driver info: driver.version: unknown
	at org.openqa.selenium.support.ui.FluentWait.timeoutException(FluentWait.java:304)
	at org.openqa.selenium.support.ui.FluentWait.until(FluentWait.java:272)
	at com.webMethodsUI.flow.testbase.CommonActions.waitForElementNotVisible(CommonActions.java:303)
	at com.webMethodsUI.flow.pageObjects.common.NavigationMenu.clickOnSubMenu(NavigationMenu.java:55)
	at com.webMethodsFlowUI.testsuites.DeployAnywhereConnector.ServiceConnectorListSuite.VerifyDeployAnywherePage(ServiceConnectorListSuite.java:68)
	at java.base/jdk.internal.reflect.NativeMethodAccessorImpl.invoke0(Native Method)
	at java.base/jdk.internal.reflect.NativeMethodAccessorImpl.invoke(NativeMethodAccessorImpl.java:62)
	at java.base/jdk.internal.reflect.DelegatingMethodAccessorImpl.invoke(DelegatingMethodAccessorImpl.java:43)
	at java.base/java.lang.reflect.Method.invoke(Method.java:566)
	at org.testng.internal.MethodInvocationHelper.invokeMethod(MethodInvocationHelper.java:85)
	at org.testng.internal.Invoker.invokeMethod(Invoker.java:639)
	at org.testng.internal.Invoker.invokeTestMethod(Invoker.java:816)
	at org.testng.internal.Invoker.invokeTestMethods(Invoker.java:1124)
	at org.testng.internal.TestMethodWorker.invokeTestMethods(TestMethodWorker.java:125)
	at org.testng.internal.TestMethodWorker.run(TestMethodWorker.java:108)
	at org.testng.TestRunner.privateRun(TestRunner.java:774)
	at org.testng.TestRunner.run(TestRunner.java:624)
	at org.testng.SuiteRunner.runTest(SuiteRunner.java:359)
	at org.testng.SuiteRunner.runSequentially(SuiteRunner.java:354)
	at org.testng.SuiteRunner.privateRun(SuiteRunner.java:312)
	at org.testng.SuiteRunner.run(SuiteRunner.java:261)
	at org.testng.SuiteRunnerWorker.runSuite(SuiteRunnerWorker.java:52)
	at org.testng.SuiteRunnerWorker.run(SuiteRunnerWorker.java:86)
	at org.testng.TestNG.runSuitesSequentially(TestNG.java:1215)
	at org.testng.TestNG.runSuitesLocally(TestNG.java:1140)
	at org.testng.TestNG.run(TestNG.java:1048)
	at org.testng.remote.AbstractRemoteTestNG.run(AbstractRemoteTestNG.java:115)
	at org.testng.remote.RemoteTestNG.initAndRun(RemoteTestNG.java:251)
	at org.testng.remote.RemoteTestNG.main(RemoteTestNG.java:77)
</pre></div></td>
<td>30</td>
<td>com.webMethodsFlowUI.testsuites.DeployAnywhereConnector.ServiceConnectorListSuite@315df4bb</td></tr>
<tr>
<td title='com.webMethodsFlowUI.testsuites.DeployAnywhereConnector.ServiceConnectorListSuite.VerifyFilterInDeployAnywherePage()'><b>VerifyFilterInDeployAnywherePage</b><br>Test class: com.webMethodsFlowUI.testsuites.DeployAnywhereConnector.ServiceConnectorListSuite<br>Test method: Navigate to Deployanywhere connector page<br/>
<a href="#Output-433699465" onClick='toggleBox("Output-433699465", this, "Show output", "Hide output");'>Show output</a>

<a href="#Output-433699465" onClick="toggleAllBoxes();">Show all outputs</a>
<div class='log' id="Output-433699465">
<a href='C:\Users\ABHK\OriginAutomation\ICOrigin_Automation\WebMethodsUIAutomation\src\main\resources\screenshots\Screenshot_05_07_04_42_23_970.png'><img src='C:\Users\ABHK\OriginAutomation\ICOrigin_Automation\WebMethodsUIAutomation\src\main\resources\screenshots\Screenshot_05_07_04_42_23_970.png'height='100' width='100'/></a><br/>
</div>
</td>
<td><div><pre>org.openqa.selenium.TimeoutException: Expected condition failed: waiting for element to no longer be visible: By.xpath: //div[contains(@class,&apos;circle-clipper&apos;)]/div[@class=&apos;circle&apos;] (tried for 30 second(s) with 100 milliseconds interval)
Build info: version: &apos;3.141.59&apos;, revision: &apos;e82be7d358&apos;, time: &apos;2018-11-14T08:17:03&apos;
System info: host: &apos;SAG-CVDCSG3&apos;, ip: &apos;192.168.1.5&apos;, os.name: &apos;Windows 10&apos;, os.arch: &apos;amd64&apos;, os.version: &apos;10.0&apos;, java.version: &apos;11.0.19&apos;
Driver info: driver.version: unknown
	at org.openqa.selenium.support.ui.FluentWait.timeoutException(FluentWait.java:304)
	at org.openqa.selenium.support.ui.FluentWait.until(FluentWait.java:272)
	at com.webMethodsUI.flow.testbase.CommonActions.waitForElementNotVisible(CommonActions.java:303)
	at com.webMethodsUI.flow.pageObjects.common.NavigationMenu.clickOnSubMenu(NavigationMenu.java:55)
	at com.webMethodsFlowUI.testsuites.DeployAnywhereConnector.ServiceConnectorListSuite.VerifyFilterInDeployAnywherePage(ServiceConnectorListSuite.java:85)
	at java.base/jdk.internal.reflect.NativeMethodAccessorImpl.invoke0(Native Method)
	at java.base/jdk.internal.reflect.NativeMethodAccessorImpl.invoke(NativeMethodAccessorImpl.java:62)
	at java.base/jdk.internal.reflect.DelegatingMethodAccessorImpl.invoke(DelegatingMethodAccessorImpl.java:43)
	at java.base/java.lang.reflect.Method.invoke(Method.java:566)
	at org.testng.internal.MethodInvocationHelper.invokeMethod(MethodInvocationHelper.java:85)
	at org.testng.internal.Invoker.invokeMethod(Invoker.java:639)
	at org.testng.internal.Invoker.invokeTestMethod(Invoker.java:816)
	at org.testng.internal.Invoker.invokeTestMethods(Invoker.java:1124)
	at org.testng.internal.TestMethodWorker.invokeTestMethods(TestMethodWorker.java:125)
	at org.testng.internal.TestMethodWorker.run(TestMethodWorker.java:108)
	at org.testng.TestRunner.privateRun(TestRunner.java:774)
	at org.testng.TestRunner.run(TestRunner.java:624)
	at org.testng.SuiteRunner.runTest(SuiteRunner.java:359)
	at org.testng.SuiteRunner.runSequentially(SuiteRunner.java:354)
	at org.testng.SuiteRunner.privateRun(SuiteRunner.java:312)
	at org.testng.SuiteRunner.run(SuiteRunner.java:261)
	at org.testng.SuiteRunnerWorker.runSuite(SuiteRunnerWorker.java:52)
	at org.testng.SuiteRunnerWorker.run(SuiteRunnerWorker.java:86)
	at org.testng.TestNG.runSuitesSequentially(TestNG.java:1215)
	at org.testng.TestNG.runSuitesLocally(TestNG.java:1140)
	at org.testng.TestNG.run(TestNG.java:1048)
	at org.testng.remote.AbstractRemoteTestNG.run(AbstractRemoteTestNG.java:115)
	at org.testng.remote.RemoteTestNG.initAndRun(RemoteTestNG.java:251)
	at org.testng.remote.RemoteTestNG.main(RemoteTestNG.java:77)
</pre></div><a href='#' onClick='toggleBox("stack-trace433699465", this, "Click to show all stack frames", "Click to hide stack frames")'>Click to show all stack frames</a>
<div class='stack-trace' id='stack-trace433699465'><pre>org.openqa.selenium.TimeoutException: Expected condition failed: waiting for element to no longer be visible: By.xpath: //div[contains(@class,&apos;circle-clipper&apos;)]/div[@class=&apos;circle&apos;] (tried for 30 second(s) with 100 milliseconds interval)
Build info: version: &apos;3.141.59&apos;, revision: &apos;e82be7d358&apos;, time: &apos;2018-11-14T08:17:03&apos;
System info: host: &apos;SAG-CVDCSG3&apos;, ip: &apos;192.168.1.5&apos;, os.name: &apos;Windows 10&apos;, os.arch: &apos;amd64&apos;, os.version: &apos;10.0&apos;, java.version: &apos;11.0.19&apos;
Driver info: driver.version: unknown
	at org.openqa.selenium.support.ui.FluentWait.timeoutException(FluentWait.java:304)
	at org.openqa.selenium.support.ui.FluentWait.until(FluentWait.java:272)
	at com.webMethodsUI.flow.testbase.CommonActions.waitForElementNotVisible(CommonActions.java:303)
	at com.webMethodsUI.flow.pageObjects.common.NavigationMenu.clickOnSubMenu(NavigationMenu.java:55)
	at com.webMethodsFlowUI.testsuites.DeployAnywhereConnector.ServiceConnectorListSuite.VerifyFilterInDeployAnywherePage(ServiceConnectorListSuite.java:85)
	at java.base/jdk.internal.reflect.NativeMethodAccessorImpl.invoke0(Native Method)
	at java.base/jdk.internal.reflect.NativeMethodAccessorImpl.invoke(NativeMethodAccessorImpl.java:62)
	at java.base/jdk.internal.reflect.DelegatingMethodAccessorImpl.invoke(DelegatingMethodAccessorImpl.java:43)
	at java.base/java.lang.reflect.Method.invoke(Method.java:566)
	at org.testng.internal.MethodInvocationHelper.invokeMethod(MethodInvocationHelper.java:85)
	at org.testng.internal.Invoker.invokeMethod(Invoker.java:639)
	at org.testng.internal.Invoker.invokeTestMethod(Invoker.java:816)
	at org.testng.internal.Invoker.invokeTestMethods(Invoker.java:1124)
	at org.testng.internal.TestMethodWorker.invokeTestMethods(TestMethodWorker.java:125)
	at org.testng.internal.TestMethodWorker.run(TestMethodWorker.java:108)
	at org.testng.TestRunner.privateRun(TestRunner.java:774)
	at org.testng.TestRunner.run(TestRunner.java:624)
	at org.testng.SuiteRunner.runTest(SuiteRunner.java:359)
	at org.testng.SuiteRunner.runSequentially(SuiteRunner.java:354)
	at org.testng.SuiteRunner.privateRun(SuiteRunner.java:312)
	at org.testng.SuiteRunner.run(SuiteRunner.java:261)
	at org.testng.SuiteRunnerWorker.runSuite(SuiteRunnerWorker.java:52)
	at org.testng.SuiteRunnerWorker.run(SuiteRunnerWorker.java:86)
	at org.testng.TestNG.runSuitesSequentially(TestNG.java:1215)
	at org.testng.TestNG.runSuitesLocally(TestNG.java:1140)
	at org.testng.TestNG.run(TestNG.java:1048)
	at org.testng.remote.AbstractRemoteTestNG.run(AbstractRemoteTestNG.java:115)
	at org.testng.remote.RemoteTestNG.initAndRun(RemoteTestNG.java:251)
	at org.testng.remote.RemoteTestNG.main(RemoteTestNG.java:77)
</pre></div></td>
<td>30</td>
<td>com.webMethodsFlowUI.testsuites.DeployAnywhereConnector.ServiceConnectorListSuite@315df4bb</td></tr>
</table><p>
<table width='100%' border='1' class='invocation-passed'>
<tr><td colspan='4' align='center'><b>PASSED TESTS</b></td></tr>
<tr><td><b>Test method</b></td>
<td width="30%"><b>Exception</b></td>
<td width="10%"><b>Time (seconds)</b></td>
<td><b>Instance</b></td>
</tr>
<tr>
<td title='com.webMethodsFlowUI.testsuites.DeployAnywhereConnector.ServiceConnectorListSuite.AddGitPackagestoPackagePage()'><b>AddGitPackagestoPackagePage</b><br>Test class: com.webMethodsFlowUI.testsuites.DeployAnywhereConnector.ServiceConnectorListSuite<br>Test method: Navigate to Package and Add Packages<br/>
<a href="#Output-48063459" onClick='toggleBox("Output-48063459", this, "Show output", "Hide output");'>Show output</a>

<a href="#Output-48063459" onClick="toggleAllBoxes();">Show all outputs</a>
<div class='log' id="Output-48063459">
<a href='C:\Users\ABHK\OriginAutomation\ICOrigin_Automation\WebMethodsUIAutomation\src\main\resources\screenshots\Screenshot_05_07_04_41_43_440.png'><img src='C:\Users\ABHK\OriginAutomation\ICOrigin_Automation\WebMethodsUIAutomation\src\main\resources\screenshots\Screenshot_05_07_04_41_43_440.png'height='100' width='100'/></a><br/>
<a href='C:\Users\ABHK\OriginAutomation\ICOrigin_Automation\WebMethodsUIAutomation\src\main\resources\screenshots\Screenshot_05_07_04_41_43_784.png'><img src='C:\Users\ABHK\OriginAutomation\ICOrigin_Automation\WebMethodsUIAutomation\src\main\resources\screenshots\Screenshot_05_07_04_41_43_784.png'height='100' width='100'/></a><br/>
<a href='C:\Users\ABHK\OriginAutomation\ICOrigin_Automation\WebMethodsUIAutomation\src\main\resources\screenshots\Screenshot_05_07_04_41_44_10.png'><img src='C:\Users\ABHK\OriginAutomation\ICOrigin_Automation\WebMethodsUIAutomation\src\main\resources\screenshots\Screenshot_05_07_04_41_44_10.png'height='100' width='100'/></a><br/>
<a href='C:\Users\ABHK\OriginAutomation\ICOrigin_Automation\WebMethodsUIAutomation\src\main\resources\screenshots\Screenshot_05_07_04_41_44_379.png'><img src='C:\Users\ABHK\OriginAutomation\ICOrigin_Automation\WebMethodsUIAutomation\src\main\resources\screenshots\Screenshot_05_07_04_41_44_379.png'height='100' width='100'/></a><br/>
<a href='C:\Users\ABHK\OriginAutomation\ICOrigin_Automation\WebMethodsUIAutomation\src\main\resources\screenshots\Screenshot_05_07_04_41_44_728.png'><img src='C:\Users\ABHK\OriginAutomation\ICOrigin_Automation\WebMethodsUIAutomation\src\main\resources\screenshots\Screenshot_05_07_04_41_44_728.png'height='100' width='100'/></a><br/>
<a href='C:\Users\ABHK\OriginAutomation\ICOrigin_Automation\WebMethodsUIAutomation\src\main\resources\screenshots\Screenshot_05_07_04_41_45_88.png'><img src='C:\Users\ABHK\OriginAutomation\ICOrigin_Automation\WebMethodsUIAutomation\src\main\resources\screenshots\Screenshot_05_07_04_41_45_88.png'height='100' width='100'/></a><br/>
<a href='C:\Users\ABHK\OriginAutomation\ICOrigin_Automation\WebMethodsUIAutomation\src\main\resources\screenshots\Screenshot_05_07_04_41_45_312.png'><img src='C:\Users\ABHK\OriginAutomation\ICOrigin_Automation\WebMethodsUIAutomation\src\main\resources\screenshots\Screenshot_05_07_04_41_45_312.png'height='100' width='100'/></a><br/>
<a href='C:\Users\ABHK\OriginAutomation\ICOrigin_Automation\WebMethodsUIAutomation\src\main\resources\screenshots\Screenshot_05_07_04_41_45_645.png'><img src='C:\Users\ABHK\OriginAutomation\ICOrigin_Automation\WebMethodsUIAutomation\src\main\resources\screenshots\Screenshot_05_07_04_41_45_645.png'height='100' width='100'/></a><br/>
<a href='C:\Users\ABHK\OriginAutomation\ICOrigin_Automation\WebMethodsUIAutomation\src\main\resources\screenshots\Screenshot_05_07_04_41_45_916.png'><img src='C:\Users\ABHK\OriginAutomation\ICOrigin_Automation\WebMethodsUIAutomation\src\main\resources\screenshots\Screenshot_05_07_04_41_45_916.png'height='100' width='100'/></a><br/>
<a href='C:\Users\ABHK\OriginAutomation\ICOrigin_Automation\WebMethodsUIAutomation\src\main\resources\screenshots\Screenshot_05_07_04_41_46_269.png'><img src='C:\Users\ABHK\OriginAutomation\ICOrigin_Automation\WebMethodsUIAutomation\src\main\resources\screenshots\Screenshot_05_07_04_41_46_269.png'height='100' width='100'/></a><br/>
<a href='C:\Users\ABHK\OriginAutomation\ICOrigin_Automation\WebMethodsUIAutomation\src\main\resources\screenshots\Screenshot_05_07_04_41_47_890.png'><img src='C:\Users\ABHK\OriginAutomation\ICOrigin_Automation\WebMethodsUIAutomation\src\main\resources\screenshots\Screenshot_05_07_04_41_47_890.png'height='100' width='100'/></a><br/>
<a href='C:\Users\ABHK\OriginAutomation\ICOrigin_Automation\WebMethodsUIAutomation\src\main\resources\screenshots\Screenshot_05_07_04_41_48_358.png'><img src='C:\Users\ABHK\OriginAutomation\ICOrigin_Automation\WebMethodsUIAutomation\src\main\resources\screenshots\Screenshot_05_07_04_41_48_358.png'height='100' width='100'/></a><br/>
<a href='C:\Users\ABHK\OriginAutomation\ICOrigin_Automation\WebMethodsUIAutomation\src\main\resources\screenshots\Screenshot_05_07_04_41_48_601.png'><img src='C:\Users\ABHK\OriginAutomation\ICOrigin_Automation\WebMethodsUIAutomation\src\main\resources\screenshots\Screenshot_05_07_04_41_48_601.png'height='100' width='100'/></a><br/>
<a href='C:\Users\ABHK\OriginAutomation\ICOrigin_Automation\WebMethodsUIAutomation\src\main\resources\screenshots\Screenshot_05_07_04_41_50_05.png'><img src='C:\Users\ABHK\OriginAutomation\ICOrigin_Automation\WebMethodsUIAutomation\src\main\resources\screenshots\Screenshot_05_07_04_41_50_05.png'height='100' width='100'/></a><br/>
</div>
</td>
<td></td>
<td>10</td>
<td>com.webMethodsFlowUI.testsuites.DeployAnywhereConnector.ServiceConnectorListSuite@315df4bb</td></tr>
<tr>
<td title='com.webMethodsFlowUI.testsuites.DeployAnywhereConnector.ServiceConnectorListSuite.createProject()'><b>createProject</b><br>Test class: com.webMethodsFlowUI.testsuites.DeployAnywhereConnector.ServiceConnectorListSuite<br>Test method: create project <br/>
<a href="#Output-2058879732" onClick='toggleBox("Output-2058879732", this, "Show output", "Hide output");'>Show output</a>

<a href="#Output-2058879732" onClick="toggleAllBoxes();">Show all outputs</a>
<div class='log' id="Output-2058879732">
<a href='C:\Users\ABHK\OriginAutomation\ICOrigin_Automation\WebMethodsUIAutomation\src\main\resources\screenshots\Screenshot_05_07_04_41_38_59.png'><img src='C:\Users\ABHK\OriginAutomation\ICOrigin_Automation\WebMethodsUIAutomation\src\main\resources\screenshots\Screenshot_05_07_04_41_38_59.png'height='100' width='100'/></a><br/>
<a href='C:\Users\ABHK\OriginAutomation\ICOrigin_Automation\WebMethodsUIAutomation\src\main\resources\screenshots\Screenshot_05_07_04_41_38_531.png'><img src='C:\Users\ABHK\OriginAutomation\ICOrigin_Automation\WebMethodsUIAutomation\src\main\resources\screenshots\Screenshot_05_07_04_41_38_531.png'height='100' width='100'/></a><br/>
<a href='C:\Users\ABHK\OriginAutomation\ICOrigin_Automation\WebMethodsUIAutomation\src\main\resources\screenshots\Screenshot_05_07_04_41_38_982.png'><img src='C:\Users\ABHK\OriginAutomation\ICOrigin_Automation\WebMethodsUIAutomation\src\main\resources\screenshots\Screenshot_05_07_04_41_38_982.png'height='100' width='100'/></a><br/>
<a href='C:\Users\ABHK\OriginAutomation\ICOrigin_Automation\WebMethodsUIAutomation\src\main\resources\screenshots\Screenshot_05_07_04_41_40_242.png'><img src='C:\Users\ABHK\OriginAutomation\ICOrigin_Automation\WebMethodsUIAutomation\src\main\resources\screenshots\Screenshot_05_07_04_41_40_242.png'height='100' width='100'/></a><br/>
<a href='C:\Users\ABHK\OriginAutomation\ICOrigin_Automation\WebMethodsUIAutomation\src\main\resources\screenshots\Screenshot_05_07_04_41_40_611.png'><img src='C:\Users\ABHK\OriginAutomation\ICOrigin_Automation\WebMethodsUIAutomation\src\main\resources\screenshots\Screenshot_05_07_04_41_40_611.png'height='100' width='100'/></a><br/>
<a href='C:\Users\ABHK\OriginAutomation\ICOrigin_Automation\WebMethodsUIAutomation\src\main\resources\screenshots\Screenshot_05_07_04_41_42_920.png'><img src='C:\Users\ABHK\OriginAutomation\ICOrigin_Automation\WebMethodsUIAutomation\src\main\resources\screenshots\Screenshot_05_07_04_41_42_920.png'height='100' width='100'/></a><br/>
</div>
</td>
<td></td>
<td>5</td>
<td>com.webMethodsFlowUI.testsuites.DeployAnywhereConnector.ServiceConnectorListSuite@315df4bb</td></tr>
<tr>
<td title='com.webMethodsFlowUI.testsuites.DeployAnywhereConnector.ServiceConnectorListSuite.loginTest()'><b>loginTest</b><br>Test class: com.webMethodsFlowUI.testsuites.DeployAnywhereConnector.ServiceConnectorListSuite<br>Test method: ensure login workd fine<br/>
<a href="#Output-1487067641" onClick='toggleBox("Output-1487067641", this, "Show output", "Hide output");'>Show output</a>

<a href="#Output-1487067641" onClick="toggleAllBoxes();">Show all outputs</a>
<div class='log' id="Output-1487067641">
<a href='C:\Users\ABHK\OriginAutomation\ICOrigin_Automation\WebMethodsUIAutomation\src\main\resources\screenshots\Screenshot_05_07_04_41_26_659.png'><img src='C:\Users\ABHK\OriginAutomation\ICOrigin_Automation\WebMethodsUIAutomation\src\main\resources\screenshots\Screenshot_05_07_04_41_26_659.png'height='100' width='100'/></a><br/>
<a href='C:\Users\ABHK\OriginAutomation\ICOrigin_Automation\WebMethodsUIAutomation\src\main\resources\screenshots\Screenshot_05_07_04_41_26_929.png'><img src='C:\Users\ABHK\OriginAutomation\ICOrigin_Automation\WebMethodsUIAutomation\src\main\resources\screenshots\Screenshot_05_07_04_41_26_929.png'height='100' width='100'/></a><br/>
<a href='C:\Users\ABHK\OriginAutomation\ICOrigin_Automation\WebMethodsUIAutomation\src\main\resources\screenshots\Screenshot_05_07_04_41_27_219.png'><img src='C:\Users\ABHK\OriginAutomation\ICOrigin_Automation\WebMethodsUIAutomation\src\main\resources\screenshots\Screenshot_05_07_04_41_27_219.png'height='100' width='100'/></a><br/>
<a href='C:\Users\ABHK\OriginAutomation\ICOrigin_Automation\WebMethodsUIAutomation\src\main\resources\screenshots\Screenshot_05_07_04_41_32_564.png'><img src='C:\Users\ABHK\OriginAutomation\ICOrigin_Automation\WebMethodsUIAutomation\src\main\resources\screenshots\Screenshot_05_07_04_41_32_564.png'height='100' width='100'/></a><br/>
<a href='C:\Users\ABHK\OriginAutomation\ICOrigin_Automation\WebMethodsUIAutomation\src\main\resources\screenshots\Screenshot_05_07_04_41_32_768.png'><img src='C:\Users\ABHK\OriginAutomation\ICOrigin_Automation\WebMethodsUIAutomation\src\main\resources\screenshots\Screenshot_05_07_04_41_32_768.png'height='100' width='100'/></a><br/>
<a href='C:\Users\ABHK\OriginAutomation\ICOrigin_Automation\WebMethodsUIAutomation\src\main\resources\screenshots\Screenshot_05_07_04_41_32_951.png'><img src='C:\Users\ABHK\OriginAutomation\ICOrigin_Automation\WebMethodsUIAutomation\src\main\resources\screenshots\Screenshot_05_07_04_41_32_951.png'height='100' width='100'/></a><br/>
<a href='C:\Users\ABHK\OriginAutomation\ICOrigin_Automation\WebMethodsUIAutomation\src\main\resources\screenshots\Screenshot_05_07_04_41_35_674.png'><img src='C:\Users\ABHK\OriginAutomation\ICOrigin_Automation\WebMethodsUIAutomation\src\main\resources\screenshots\Screenshot_05_07_04_41_35_674.png'height='100' width='100'/></a><br/>
<a href='C:\Users\ABHK\OriginAutomation\ICOrigin_Automation\WebMethodsUIAutomation\src\main\resources\screenshots\Screenshot_05_07_04_41_36_953.png'><img src='C:\Users\ABHK\OriginAutomation\ICOrigin_Automation\WebMethodsUIAutomation\src\main\resources\screenshots\Screenshot_05_07_04_41_36_953.png'height='100' width='100'/></a><br/>
</div>
</td>
<td></td>
<td>18</td>
<td>com.webMethodsFlowUI.testsuites.DeployAnywhereConnector.ServiceConnectorListSuite@315df4bb</td></tr>
</table><p>
</body>
</html>