<?xml version="1.0" encoding="UTF-8"?>
<!-- Generated by org.testng.reporters.JUnitReportReporter -->
<testsuite hostname="SAG-CVDCSG3" failures="0" tests="16" name="com.webMethodsFlowUI.testsuites.RESTAPI.RESTAPIFromScratchTestSuite" time="131.562" errors="1" timestamp="30 May 2023 15:51:53 GMT">
  <testcase classname="com.webMethodsFlowUI.testsuites.RESTAPI.RESTAPIFromScratchTestSuite" name="deleteProject" time="10.724"/>
  <testcase classname="com.webMethodsFlowUI.testsuites.RESTAPI.RESTAPIFromScratchTestSuite" name="verifyAuditLogForCreateRestAPI" time="5.155"/>
  <testcase classname="com.webMethodsFlowUI.testsuites.RESTAPI.RESTAPIFromScratchTestSuite" name="verifyAuditLogForDeleteFlowService" time="2.776"/>
  <testcase classname="com.webMethodsFlowUI.testsuites.RESTAPI.RESTAPIFromScratchTestSuite" name="createProject" time="5.667"/>
  <testcase classname="com.webMethodsFlowUI.testsuites.RESTAPI.RESTAPIFromScratchTestSuite" name="editMappingForFlowService" time="6.759"/>
  <testcase classname="com.webMethodsFlowUI.testsuites.RESTAPI.RESTAPIFromScratchTestSuite" name="loginTest" time="16.461"/>
  <testcase classname="com.webMethodsFlowUI.testsuites.RESTAPI.RESTAPIFromScratchTestSuite" name="verifyNewRESTApiPageLoadedAfterClickingOnCreateAPI" time="3.859"/>
  <testcase classname="com.webMethodsFlowUI.testsuites.RESTAPI.RESTAPIFromScratchTestSuite" name="deleteRestApi" time="6.489"/>
  <testcase classname="com.webMethodsFlowUI.testsuites.RESTAPI.RESTAPIFromScratchTestSuite" name="verifyAuditLogForUpdateRestAPI" time="4.164"/>
  <testcase classname="com.webMethodsFlowUI.testsuites.RESTAPI.RESTAPIFromScratchTestSuite" name="createFlowServicewithAddIntsService" time="21.323"/>
  <testcase classname="com.webMethodsFlowUI.testsuites.RESTAPI.RESTAPIFromScratchTestSuite" name="runAndVerifyFlowServiceExecutions" time="4.930"/>
  <testcase classname="com.webMethodsFlowUI.testsuites.RESTAPI.RESTAPIFromScratchTestSuite" name="verifyAuditLogForDeleteRestAPI" time="3.941"/>
  <testcase classname="com.webMethodsFlowUI.testsuites.RESTAPI.RESTAPIFromScratchTestSuite" name="verifyAuditLogForCreateFlowService" time="2.425">
    <error message="no such element: Unable to locate element: {&quot;method&quot;:&quot;xpath&quot;,&quot;selector&quot;:&quot;//span[contains(text(),&quot;Update on AddIntsTestFlowService in ICFeaturesRESTAPIMay30 project&quot;)]&quot;}
  (Session info: chrome=113.0.5672.93)
For documentation on this error, please visit: https://www.seleniumhq.org/exceptions/no_such_element.html
Build info: version: &#039;3.141.59&#039;, revision: &#039;e82be7d358&#039;, time: &#039;2018-11-14T08:17:03&#039;
System info: host: &#039;SAG-CVDCSG3&#039;, ip: &#039;192.168.29.220&#039;, os.name: &#039;Windows 10&#039;, os.arch: &#039;amd64&#039;, os.version: &#039;10.0&#039;, java.version: &#039;11.0.19&#039;
Driver info: org.openqa.selenium.chrome.ChromeDriver
Capabilities {acceptInsecureCerts: true, browserName: chrome, browserVersion: 113.0.5672.93, chrome: {chromedriverVersion: 113.0.5672.63 (0e1a4471d5ae..., userDataDir: C:\Users\ABHK\AppData\Local...}, goog:chromeOptions: {debuggerAddress: localhost:52371}, javascriptEnabled: true, networkConnectionEnabled: false, pageLoadStrategy: normal, platform: WINDOWS, platformName: WINDOWS, proxy: Proxy(), setWindowRect: true, strictFileInteractability: false, timeouts: {implicit: 0, pageLoad: 300000, script: 30000}, unhandledPromptBehavior: dismiss and notify, webauthn:extension:credBlob: true, webauthn:extension:largeBlob: true, webauthn:extension:minPinLength: true, webauthn:extension:prf: true, webauthn:virtualAuthenticators: true}
Session ID: 160332809142201fbd3f3a5ee8a913a4
*** Element info: {Using=xpath, value=//span[contains(text(),&quot;Update on AddIntsTestFlowService in ICFeaturesRESTAPIMay30 project&quot;)]}" type="org.openqa.selenium.NoSuchElementException">
      <![CDATA[org.openqa.selenium.NoSuchElementException: no such element: Unable to locate element: {"method":"xpath","selector":"//span[contains(text(),"Update on AddIntsTestFlowService in ICFeaturesRESTAPIMay30 project")]"}
  (Session info: chrome=113.0.5672.93)
For documentation on this error, please visit: https://www.seleniumhq.org/exceptions/no_such_element.html
Build info: version: '3.141.59', revision: 'e82be7d358', time: '2018-11-14T08:17:03'
System info: host: 'SAG-CVDCSG3', ip: '192.168.29.220', os.name: 'Windows 10', os.arch: 'amd64', os.version: '10.0', java.version: '11.0.19'
Driver info: org.openqa.selenium.chrome.ChromeDriver
Capabilities {acceptInsecureCerts: true, browserName: chrome, browserVersion: 113.0.5672.93, chrome: {chromedriverVersion: 113.0.5672.63 (0e1a4471d5ae..., userDataDir: C:\Users\ABHK\AppData\Local...}, goog:chromeOptions: {debuggerAddress: localhost:52371}, javascriptEnabled: true, networkConnectionEnabled: false, pageLoadStrategy: normal, platform: WINDOWS, platformName: WINDOWS, proxy: Proxy(), setWindowRect: true, strictFileInteractability: false, timeouts: {implicit: 0, pageLoad: 300000, script: 30000}, unhandledPromptBehavior: dismiss and notify, webauthn:extension:credBlob: true, webauthn:extension:largeBlob: true, webauthn:extension:minPinLength: true, webauthn:extension:prf: true, webauthn:virtualAuthenticators: true}
Session ID: 160332809142201fbd3f3a5ee8a913a4
*** Element info: {Using=xpath, value=//span[contains(text(),"Update on AddIntsTestFlowService in ICFeaturesRESTAPIMay30 project")]}
	at jdk.internal.reflect.GeneratedConstructorAccessor21.newInstance(Unknown Source)
	at java.base/jdk.internal.reflect.DelegatingConstructorAccessorImpl.newInstance(DelegatingConstructorAccessorImpl.java:45)
	at java.base/java.lang.reflect.Constructor.newInstance(Constructor.java:490)
	at org.openqa.selenium.remote.http.W3CHttpResponseCodec.createException(W3CHttpResponseCodec.java:187)
	at org.openqa.selenium.remote.http.W3CHttpResponseCodec.decode(W3CHttpResponseCodec.java:122)
	at org.openqa.selenium.remote.http.W3CHttpResponseCodec.decode(W3CHttpResponseCodec.java:49)
	at org.openqa.selenium.remote.HttpCommandExecutor.execute(HttpCommandExecutor.java:158)
	at org.openqa.selenium.remote.service.DriverCommandExecutor.execute(DriverCommandExecutor.java:83)
	at org.openqa.selenium.remote.RemoteWebDriver.execute(RemoteWebDriver.java:552)
	at org.openqa.selenium.remote.RemoteWebDriver.findElement(RemoteWebDriver.java:323)
	at org.openqa.selenium.remote.RemoteWebDriver.findElementByXPath(RemoteWebDriver.java:428)
	at org.openqa.selenium.By$ByXPath.findElement(By.java:353)
	at org.openqa.selenium.remote.RemoteWebDriver.findElement(RemoteWebDriver.java:315)
	at com.webMethodsUI.flow.pageObjects.monitor.AuditLogsPage.verifyAuditLogForUpdateRESTAPI(AuditLogsPage.java:266)
	at com.webMethodsFlowUI.testsuites.RESTAPI.RESTAPIFromScratchTestSuite.verifyAuditLogForCreateFlowService(RESTAPIFromScratchTestSuite.java:328)
	at java.base/jdk.internal.reflect.NativeMethodAccessorImpl.invoke0(Native Method)
	at java.base/jdk.internal.reflect.NativeMethodAccessorImpl.invoke(NativeMethodAccessorImpl.java:62)
	at java.base/jdk.internal.reflect.DelegatingMethodAccessorImpl.invoke(DelegatingMethodAccessorImpl.java:43)
	at java.base/java.lang.reflect.Method.invoke(Method.java:566)
	at org.testng.internal.MethodInvocationHelper.invokeMethod(MethodInvocationHelper.java:85)
	at org.testng.internal.Invoker.invokeMethod(Invoker.java:639)
	at org.testng.internal.Invoker.invokeTestMethod(Invoker.java:816)
	at org.testng.internal.Invoker.invokeTestMethods(Invoker.java:1124)
	at org.testng.internal.TestMethodWorker.invokeTestMethods(TestMethodWorker.java:125)
	at org.testng.internal.TestMethodWorker.run(TestMethodWorker.java:108)
	at org.testng.TestRunner.privateRun(TestRunner.java:774)
	at org.testng.TestRunner.run(TestRunner.java:624)
	at org.testng.SuiteRunner.runTest(SuiteRunner.java:359)
	at org.testng.SuiteRunner.runSequentially(SuiteRunner.java:354)
	at org.testng.SuiteRunner.privateRun(SuiteRunner.java:312)
	at org.testng.SuiteRunner.run(SuiteRunner.java:261)
	at org.testng.SuiteRunnerWorker.runSuite(SuiteRunnerWorker.java:52)
	at org.testng.SuiteRunnerWorker.run(SuiteRunnerWorker.java:86)
	at org.testng.TestNG.runSuitesSequentially(TestNG.java:1215)
	at org.testng.TestNG.runSuitesLocally(TestNG.java:1140)
	at org.testng.TestNG.run(TestNG.java:1048)
	at org.testng.remote.AbstractRemoteTestNG.run(AbstractRemoteTestNG.java:115)
	at org.testng.remote.RemoteTestNG.initAndRun(RemoteTestNG.java:251)
	at org.testng.remote.RemoteTestNG.main(RemoteTestNG.java:77)
]]>
    </error>
  </testcase> <!-- verifyAuditLogForCreateFlowService -->
  <testcase classname="com.webMethodsFlowUI.testsuites.RESTAPI.RESTAPIFromScratchTestSuite" name="createResourceForRestApi" time="14.103"/>
  <testcase classname="com.webMethodsFlowUI.testsuites.RESTAPI.RESTAPIFromScratchTestSuite" name="ensureRestApiCreation" time="10.834"/>
  <testcase classname="com.webMethodsFlowUI.testsuites.RESTAPI.RESTAPIFromScratchTestSuite" name="deleteFlowService" time="11.952"/>
</testsuite> <!-- com.webMethodsFlowUI.testsuites.RESTAPI.RESTAPIFromScratchTestSuite -->
