<?xml version="1.0" encoding="UTF-8"?>
<!-- Generated by org.testng.reporters.JUnitReportReporter -->
<testsuite hostname="SAG-CVDCSG3" failures="0" tests="16" name="com.webMethodsFlowUI.testsuites.KeyStoreTrustStore.keyAndTruststore" time="147.298" errors="1" timestamp="30 May 2023 05:05:56 GMT">
  <testcase classname="com.webMethodsFlowUI.testsuites.KeyStoreTrustStore.keyAndTruststore" name="loginTest" time="16.165"/>
  <testcase classname="com.webMethodsFlowUI.testsuites.KeyStoreTrustStore.keyAndTruststore" name="ensureConfigurationPageLoaded" time="1.710"/>
  <testcase classname="com.webMethodsFlowUI.testsuites.KeyStoreTrustStore.keyAndTruststore" name="verifyAuditLogForCreateKeystore" time="4.758"/>
  <testcase classname="com.webMethodsFlowUI.testsuites.KeyStoreTrustStore.keyAndTruststore" name="DeleteTrustStore" time="18.318"/>
  <testcase classname="com.webMethodsFlowUI.testsuites.KeyStoreTrustStore.keyAndTruststore" name="verifyAuditLogForDeleteTruststore" time="3.803"/>
  <testcase classname="com.webMethodsFlowUI.testsuites.KeyStoreTrustStore.keyAndTruststore" name="verifyAuditLogForDeleteKeystore" time="3.975"/>
  <testcase classname="com.webMethodsFlowUI.testsuites.KeyStoreTrustStore.keyAndTruststore" name="verifyAuditLogForUpdateTruststore" time="3.899"/>
  <testcase classname="com.webMethodsFlowUI.testsuites.KeyStoreTrustStore.keyAndTruststore" name="AddTrustStore" time="7.793"/>
  <testcase classname="com.webMethodsFlowUI.testsuites.KeyStoreTrustStore.keyAndTruststore" name="AddKeyStore" time="9.613"/>
  <testcase classname="com.webMethodsFlowUI.testsuites.KeyStoreTrustStore.keyAndTruststore" name="DeleteKeyStore" time="22.155"/>
  <testcase classname="com.webMethodsFlowUI.testsuites.KeyStoreTrustStore.keyAndTruststore" name="verifyAuditLogForCreateTruststore" time="11.066"/>
  <testcase classname="com.webMethodsFlowUI.testsuites.KeyStoreTrustStore.keyAndTruststore" name="EditTrustStore" time="4.747"/>
  <testcase classname="com.webMethodsFlowUI.testsuites.KeyStoreTrustStore.keyAndTruststore" name="createProject" time="6.501"/>
  <testcase classname="com.webMethodsFlowUI.testsuites.KeyStoreTrustStore.keyAndTruststore" name="EditKeyStore" time="5.487"/>
  <testcase classname="com.webMethodsFlowUI.testsuites.KeyStoreTrustStore.keyAndTruststore" name="deleteProject" time="23.625"/>
  <testcase classname="com.webMethodsFlowUI.testsuites.KeyStoreTrustStore.keyAndTruststore" name="verifyAuditLogForUpdateKeystore" time="3.683">
    <error message="no such element: Unable to locate element: {&quot;method&quot;:&quot;xpath&quot;,&quot;selector&quot;:&quot;//span[contains(text(),&quot;Update on StorekeyTestnew&quot;)]&quot;}
  (Session info: chrome=113.0.5672.93)
For documentation on this error, please visit: https://www.seleniumhq.org/exceptions/no_such_element.html
Build info: version: &#039;3.141.59&#039;, revision: &#039;e82be7d358&#039;, time: &#039;2018-11-14T08:17:03&#039;
System info: host: &#039;SAG-CVDCSG3&#039;, ip: &#039;10.60.98.201&#039;, os.name: &#039;Windows 10&#039;, os.arch: &#039;amd64&#039;, os.version: &#039;10.0&#039;, java.version: &#039;11.0.19&#039;
Driver info: org.openqa.selenium.chrome.ChromeDriver
Capabilities {acceptInsecureCerts: true, browserName: chrome, browserVersion: 113.0.5672.93, chrome: {chromedriverVersion: 113.0.5672.63 (0e1a4471d5ae..., userDataDir: C:\Users\ABHK\AppData\Local...}, goog:chromeOptions: {debuggerAddress: localhost:61828}, javascriptEnabled: true, networkConnectionEnabled: false, pageLoadStrategy: normal, platform: WINDOWS, platformName: WINDOWS, proxy: Proxy(), setWindowRect: true, strictFileInteractability: false, timeouts: {implicit: 0, pageLoad: 300000, script: 30000}, unhandledPromptBehavior: dismiss and notify, webauthn:extension:credBlob: true, webauthn:extension:largeBlob: true, webauthn:extension:minPinLength: true, webauthn:extension:prf: true, webauthn:virtualAuthenticators: true}
Session ID: 9062947d996f1023ebefeb8efd9101ec
*** Element info: {Using=xpath, value=//span[contains(text(),&quot;Update on StorekeyTestnew&quot;)]}" type="org.openqa.selenium.NoSuchElementException">
      <![CDATA[org.openqa.selenium.NoSuchElementException: no such element: Unable to locate element: {"method":"xpath","selector":"//span[contains(text(),"Update on StorekeyTestnew")]"}
  (Session info: chrome=113.0.5672.93)
For documentation on this error, please visit: https://www.seleniumhq.org/exceptions/no_such_element.html
Build info: version: '3.141.59', revision: 'e82be7d358', time: '2018-11-14T08:17:03'
System info: host: 'SAG-CVDCSG3', ip: '10.60.98.201', os.name: 'Windows 10', os.arch: 'amd64', os.version: '10.0', java.version: '11.0.19'
Driver info: org.openqa.selenium.chrome.ChromeDriver
Capabilities {acceptInsecureCerts: true, browserName: chrome, browserVersion: 113.0.5672.93, chrome: {chromedriverVersion: 113.0.5672.63 (0e1a4471d5ae..., userDataDir: C:\Users\ABHK\AppData\Local...}, goog:chromeOptions: {debuggerAddress: localhost:61828}, javascriptEnabled: true, networkConnectionEnabled: false, pageLoadStrategy: normal, platform: WINDOWS, platformName: WINDOWS, proxy: Proxy(), setWindowRect: true, strictFileInteractability: false, timeouts: {implicit: 0, pageLoad: 300000, script: 30000}, unhandledPromptBehavior: dismiss and notify, webauthn:extension:credBlob: true, webauthn:extension:largeBlob: true, webauthn:extension:minPinLength: true, webauthn:extension:prf: true, webauthn:virtualAuthenticators: true}
Session ID: 9062947d996f1023ebefeb8efd9101ec
*** Element info: {Using=xpath, value=//span[contains(text(),"Update on StorekeyTestnew")]}
	at jdk.internal.reflect.GeneratedConstructorAccessor21.newInstance(Unknown Source)
	at java.base/jdk.internal.reflect.DelegatingConstructorAccessorImpl.newInstance(DelegatingConstructorAccessorImpl.java:45)
	at java.base/java.lang.reflect.Constructor.newInstance(Constructor.java:490)
	at org.openqa.selenium.remote.http.W3CHttpResponseCodec.createException(W3CHttpResponseCodec.java:187)
	at org.openqa.selenium.remote.http.W3CHttpResponseCodec.decode(W3CHttpResponseCodec.java:122)
	at org.openqa.selenium.remote.http.W3CHttpResponseCodec.decode(W3CHttpResponseCodec.java:49)
	at org.openqa.selenium.remote.HttpCommandExecutor.execute(HttpCommandExecutor.java:158)
	at org.openqa.selenium.remote.service.DriverCommandExecutor.execute(DriverCommandExecutor.java:83)
	at org.openqa.selenium.remote.RemoteWebDriver.execute(RemoteWebDriver.java:552)
	at org.openqa.selenium.remote.RemoteWebDriver.findElement(RemoteWebDriver.java:323)
	at org.openqa.selenium.remote.RemoteWebDriver.findElementByXPath(RemoteWebDriver.java:428)
	at org.openqa.selenium.By$ByXPath.findElement(By.java:353)
	at org.openqa.selenium.remote.RemoteWebDriver.findElement(RemoteWebDriver.java:315)
	at com.webMethodsUI.flow.pageObjects.monitor.AuditLogsPage.verifyAuditLogForUpdateKeyandTruststore(AuditLogsPage.java:315)
	at com.webMethodsFlowUI.testsuites.KeyStoreTrustStore.keyAndTruststore.verifyAuditLogForUpdateKeystore(keyAndTruststore.java:246)
	at java.base/jdk.internal.reflect.NativeMethodAccessorImpl.invoke0(Native Method)
	at java.base/jdk.internal.reflect.NativeMethodAccessorImpl.invoke(NativeMethodAccessorImpl.java:62)
	at java.base/jdk.internal.reflect.DelegatingMethodAccessorImpl.invoke(DelegatingMethodAccessorImpl.java:43)
	at java.base/java.lang.reflect.Method.invoke(Method.java:566)
	at org.testng.internal.MethodInvocationHelper.invokeMethod(MethodInvocationHelper.java:85)
	at org.testng.internal.Invoker.invokeMethod(Invoker.java:639)
	at org.testng.internal.Invoker.invokeTestMethod(Invoker.java:816)
	at org.testng.internal.Invoker.invokeTestMethods(Invoker.java:1124)
	at org.testng.internal.TestMethodWorker.invokeTestMethods(TestMethodWorker.java:125)
	at org.testng.internal.TestMethodWorker.run(TestMethodWorker.java:108)
	at org.testng.TestRunner.privateRun(TestRunner.java:774)
	at org.testng.TestRunner.run(TestRunner.java:624)
	at org.testng.SuiteRunner.runTest(SuiteRunner.java:359)
	at org.testng.SuiteRunner.runSequentially(SuiteRunner.java:354)
	at org.testng.SuiteRunner.privateRun(SuiteRunner.java:312)
	at org.testng.SuiteRunner.run(SuiteRunner.java:261)
	at org.testng.SuiteRunnerWorker.runSuite(SuiteRunnerWorker.java:52)
	at org.testng.SuiteRunnerWorker.run(SuiteRunnerWorker.java:86)
	at org.testng.TestNG.runSuitesSequentially(TestNG.java:1215)
	at org.testng.TestNG.runSuitesLocally(TestNG.java:1140)
	at org.testng.TestNG.run(TestNG.java:1048)
	at org.testng.remote.AbstractRemoteTestNG.run(AbstractRemoteTestNG.java:115)
	at org.testng.remote.RemoteTestNG.initAndRun(RemoteTestNG.java:251)
	at org.testng.remote.RemoteTestNG.main(RemoteTestNG.java:77)
]]>
    </error>
  </testcase> <!-- verifyAuditLogForUpdateKeystore -->
</testsuite> <!-- com.webMethodsFlowUI.testsuites.KeyStoreTrustStore.keyAndTruststore -->
